The system is: Linux - 3.10.0-1160.95.1.el7.x86_64 - x86_64
Compiling the CXX compiler identification source file "CMakeCXXCompilerId.cpp" succeeded.
Compiler: /cvmfs/soft.computecanada.ca/easybuild/software/2020/Core/gcccore/9.3.0/bin/c++ 
Build flags: 
Id flags:  

The output was:
0


Compilation of the CXX compiler identification source "CMakeCXXCompilerId.cpp" produced "a.out"

The CXX compiler identification is GNU, found in "/home/henryi/HK/MaCh3_Core/build/CMakeFiles/3.18.4/CompilerIdCXX/a.out"

Detecting CXX compiler ABI info compiled with the following output:
Change Dir: /home/henryi/HK/MaCh3_Core/build/CMakeFiles/CMakeTmp

Run Build Command(s):/cvmfs/soft.computecanada.ca/gentoo/2020/usr/bin/gmake cmTC_eeee2/fast && /cvmfs/soft.computecanada.ca/gentoo/2020/usr/bin/gmake  -f CMakeFiles/cmTC_eeee2.dir/build.make CMakeFiles/cmTC_eeee2.dir/build
gmake[1]: Entering directory '/home/henryi/HK/MaCh3_Core/build/CMakeFiles/CMakeTmp'
Building CXX object CMakeFiles/cmTC_eeee2.dir/CMakeCXXCompilerABI.cpp.o
/cvmfs/soft.computecanada.ca/easybuild/software/2020/Core/gcccore/9.3.0/bin/c++   -v -o CMakeFiles/cmTC_eeee2.dir/CMakeCXXCompilerABI.cpp.o -c /cvmfs/soft.computecanada.ca/easybuild/software/2020/Core/cmake/3.18.4/share/cmake-3.18/Modules/CMakeCXXCompilerABI.cpp
Using built-in specs.
COLLECT_GCC=/cvmfs/soft.computecanada.ca/easybuild/software/2020/Core/gcccore/9.3.0/bin/c++
OFFLOAD_TARGET_NAMES=nvptx-none
Target: x86_64-pc-linux-gnu
Configured with: ../configure --with-sysroot=/cvmfs/soft.computecanada.ca/gentoo/2020 --enable-languages=c,c++,fortran --without-cuda-driver --enable-offload-targets=nvptx-none --enable-lto --enable-checking=release --disable-multilib --enable-shared=yes --enable-static=yes --enable-threads=posix --enable-plugins --enable-gold=default --enable-ld --with-plugin-ld=ld.gold --prefix=/cvmfs/soft.computecanada.ca/easybuild/software/2020/Core/gcccore/9.3.0 --with-local-prefix=/cvmfs/soft.computecanada.ca/easybuild/software/2020/Core/gcccore/9.3.0 --enable-bootstrap --with-isl=/tmp/ebuser/avx2/GCCcore/9.3.0/system-system/gcc-9.3.0/stage2_stuff --build=x86_64-pc-linux-gnu --host=x86_64-pc-linux-gnu
Thread model: posix
gcc version 9.3.0 (GCC) 
COLLECT_GCC_OPTIONS='-v' '-o' 'CMakeFiles/cmTC_eeee2.dir/CMakeCXXCompilerABI.cpp.o' '-c' '-shared-libgcc' '-mtune=generic' '-march=x86-64'
 /cvmfs/soft.computecanada.ca/easybuild/software/2020/Core/gcccore/9.3.0/libexec/gcc/x86_64-pc-linux-gnu/9.3.0/cc1plus -quiet -v -D_GNU_SOURCE /cvmfs/soft.computecanada.ca/easybuild/software/2020/Core/cmake/3.18.4/share/cmake-3.18/Modules/CMakeCXXCompilerABI.cpp -quiet -dumpbase CMakeCXXCompilerABI.cpp -mtune=generic -march=x86-64 -auxbase-strip CMakeFiles/cmTC_eeee2.dir/CMakeCXXCompilerABI.cpp.o -version -o /tmp/ccHlhGuh.s
GNU C++14 (GCC) version 9.3.0 (x86_64-pc-linux-gnu)
	compiled by GNU C version 9.3.0, GMP version 6.2.0, MPFR version 4.0.2, MPC version 1.1.0, isl version isl-0.22.1-GMP

GGC heuristics: --param ggc-min-expand=100 --param ggc-min-heapsize=131072
ignoring nonexistent directory "/cvmfs/soft.computecanada.ca/gentoo/2020/cvmfs/soft.computecanada.ca/easybuild/software/2020/Core/gcccore/9.3.0/include"
ignoring nonexistent directory "/cvmfs/soft.computecanada.ca/easybuild/software/2020/Core/gcccore/9.3.0/lib/gcc/x86_64-pc-linux-gnu/9.3.0/include-fixed"
ignoring nonexistent directory "/cvmfs/soft.computecanada.ca/easybuild/software/2020/Core/gcccore/9.3.0/lib/gcc/x86_64-pc-linux-gnu/9.3.0/../../../../x86_64-pc-linux-gnu/include"
#include "..." search starts here:
#include <...> search starts here:
 /cvmfs/soft.computecanada.ca/easybuild/software/2020/avx512/CUDA/gcc9/cuda11.2/openmpi/4.0.3/include
 /cvmfs/soft.computecanada.ca/easybuild/software/2020/avx512/CUDA/cuda11.2/libfabric/1.10.1/include
 /cvmfs/soft.computecanada.ca/easybuild/software/2020/avx512/CUDA/cuda11.2/ucx/1.8.0/include
 /cvmfs/soft.computecanada.ca/easybuild/software/2020/avx512/CUDA/cuda11.2/gdrcopy/2.1/include
 /cvmfs/soft.computecanada.ca/easybuild/software/2020/Core/cudacore/11.2.2/nvvm/include
 /cvmfs/soft.computecanada.ca/easybuild/software/2020/Core/cudacore/11.2.2/extras/CUPTI/include
 /cvmfs/soft.computecanada.ca/easybuild/software/2020/Core/cudacore/11.2.2/include
 /cvmfs/soft.computecanada.ca/easybuild/software/2020/avx512/Compiler/gcc9/root/6.26.06/include
 /cvmfs/soft.computecanada.ca/easybuild/software/2020/avx512/Compiler/gcc9/fftw/3.3.8/include
 /cvmfs/soft.computecanada.ca/easybuild/software/2020/avx512/Compiler/gcc9/gsl/2.6/include
 /cvmfs/soft.computecanada.ca/easybuild/software/2020/Core/imkl/2020.1.217/mkl/include/fftw
 /cvmfs/soft.computecanada.ca/easybuild/software/2020/Core/imkl/2020.1.217/mkl/include
 /cvmfs/soft.computecanada.ca/easybuild/software/2020/avx512/Core/glew/2.1.0/include
 /cvmfs/soft.computecanada.ca/easybuild/software/2020/avx512/Core/python/3.9.6/include
 /cvmfs/soft.computecanada.ca/easybuild/software/2020/Core/libffi/3.3/include
 /cvmfs/soft.computecanada.ca/easybuild/software/2020/avx512/Core/cfitsio/3.48/include
 /cvmfs/soft.computecanada.ca/nix/var/nix/profiles/16.09/include
 /cvmfs/soft.computecanada.ca/easybuild/software/2020/Core/gcccore/9.3.0/lib/gcc/x86_64-pc-linux-gnu/9.3.0/../../../../include/c++/9.3.0
 /cvmfs/soft.computecanada.ca/easybuild/software/2020/Core/gcccore/9.3.0/lib/gcc/x86_64-pc-linux-gnu/9.3.0/../../../../include/c++/9.3.0/x86_64-pc-linux-gnu
 /cvmfs/soft.computecanada.ca/easybuild/software/2020/Core/gcccore/9.3.0/lib/gcc/x86_64-pc-linux-gnu/9.3.0/../../../../include/c++/9.3.0/backward
 /cvmfs/soft.computecanada.ca/easybuild/software/2020/Core/gcccore/9.3.0/lib/gcc/x86_64-pc-linux-gnu/9.3.0/include
 /cvmfs/soft.computecanada.ca/gentoo/2020/usr/include
End of search list.
GNU C++14 (GCC) version 9.3.0 (x86_64-pc-linux-gnu)
	compiled by GNU C version 9.3.0, GMP version 6.2.0, MPFR version 4.0.2, MPC version 1.1.0, isl version isl-0.22.1-GMP

GGC heuristics: --param ggc-min-expand=100 --param ggc-min-heapsize=131072
Compiler executable checksum: 6bc1e845c0303f2db7e43e01b824cb9c
COLLECT_GCC_OPTIONS='-v' '-o' 'CMakeFiles/cmTC_eeee2.dir/CMakeCXXCompilerABI.cpp.o' '-c' '-shared-libgcc' '-mtune=generic' '-march=x86-64'
 as -v --64 -o CMakeFiles/cmTC_eeee2.dir/CMakeCXXCompilerABI.cpp.o /tmp/ccHlhGuh.s
GNU assembler version 2.33.1 (x86_64-pc-linux-gnu) using BFD version (Gentoo 2.33.1 p2) 2.33.1
COMPILER_PATH=/cvmfs/soft.computecanada.ca/easybuild/software/2020/Core/gcccore/9.3.0/libexec/gcc/x86_64-pc-linux-gnu/9.3.0/:/cvmfs/soft.computecanada.ca/easybuild/software/2020/Core/gcccore/9.3.0/libexec/gcc/x86_64-pc-linux-gnu/9.3.0/:/cvmfs/soft.computecanada.ca/easybuild/software/2020/Core/gcccore/9.3.0/libexec/gcc/x86_64-pc-linux-gnu/:/cvmfs/soft.computecanada.ca/easybuild/software/2020/Core/gcccore/9.3.0/lib/gcc/x86_64-pc-linux-gnu/9.3.0/:/cvmfs/soft.computecanada.ca/easybuild/software/2020/Core/gcccore/9.3.0/lib/gcc/x86_64-pc-linux-gnu/
LIBRARY_PATH=/cvmfs/soft.computecanada.ca/easybuild/software/2020/avx512/CUDA/gcc9/cuda11.2/openmpi/4.0.3/lib/../lib64/:/cvmfs/soft.computecanada.ca/easybuild/software/2020/avx512/CUDA/cuda11.2/libfabric/1.10.1/lib/../lib64/:/cvmfs/soft.computecanada.ca/easybuild/software/2020/avx512/CUDA/cuda11.2/ucx/1.8.0/lib/../lib64/:/cvmfs/soft.computecanada.ca/easybuild/software/2020/avx512/CUDA/cuda11.2/gdrcopy/2.1/lib/../lib64/:/cvmfs/soft.computecanada.ca/easybuild/software/2020/Core/cudacore/11.2.2/stubs/lib64/../lib64/:/cvmfs/soft.computecanada.ca/easybuild/software/2020/avx512/Compiler/gcc9/root/6.26.06/lib/../lib64/:/cvmfs/soft.computecanada.ca/easybuild/software/2020/avx512/Core/glew/2.1.0/lib64/../lib64/:/cvmfs/soft.computecanada.ca/easybuild/software/2020/avx512/Core/glew/2.1.0/lib/../lib64/:/cvmfs/soft.computecanada.ca/easybuild/software/2020/avx512/Core/python/3.9.6/lib/../lib64/:/cvmfs/soft.computecanada.ca/easybuild/software/2020/Core/libffi/3.3/lib64/../lib64/:/cvmfs/soft.computecanada.ca/easybuild/software/2020/Core/libffi/3.3/lib/../lib64/:/cvmfs/soft.computecanada.ca/easybuild/software/2020/avx512/Core/cfitsio/3.48/lib/../lib64/:/cvmfs/soft.computecanada.ca/easybuild/software/2020/Core/gcccore/9.3.0/lib/gcc/x86_64-pc-linux-gnu/9.3.0/:/cvmfs/soft.computecanada.ca/easybuild/software/2020/Core/gcccore/9.3.0/lib/gcc/x86_64-pc-linux-gnu/9.3.0/../../../../lib64/:/cvmfs/soft.computecanada.ca/gentoo/2020/lib/../lib64/:/cvmfs/soft.computecanada.ca/gentoo/2020/usr/lib/../lib64/:/cvmfs/soft.computecanada.ca/easybuild/software/2020/avx512/CUDA/gcc9/cuda11.2/openmpi/4.0.3/lib/:/cvmfs/soft.computecanada.ca/easybuild/software/2020/avx512/CUDA/cuda11.2/libfabric/1.10.1/lib/:/cvmfs/soft.computecanada.ca/easybuild/software/2020/avx512/CUDA/cuda11.2/ucx/1.8.0/lib/:/cvmfs/soft.computecanada.ca/easybuild/software/2020/avx512/CUDA/cuda11.2/gdrcopy/2.1/lib/:/cvmfs/soft.computecanada.ca/easybuild/software/2020/Core/cudacore/11.2.2/stubs/lib64/:/cvmfs/soft.computecanada.ca/easybuild/software/2020/Core/cudacore/11.2.2/lib/:/cvmfs/soft.computecanada.ca/easybuild/software/2020/avx512/Compiler/gcc9/root/6.26.06/lib/:/cvmfs/soft.computecanada.ca/easybuild/software/2020/avx512/Compiler/gcc9/fftw/3.3.8/lib/:/cvmfs/soft.computecanada.ca/easybuild/software/2020/avx512/Compiler/gcc9/gsl/2.6/lib/:/cvmfs/soft.computecanada.ca/easybuild/software/2020/Core/imkl/2020.1.217/mkl/lib/intel64/:/cvmfs/soft.computecanada.ca/easybuild/software/2020/Core/imkl/2020.1.217/lib/intel64/:/cvmfs/soft.computecanada.ca/easybuild/software/2020/avx512/Core/glew/2.1.0/lib64/:/cvmfs/soft.computecanada.ca/easybuild/software/2020/avx512/Core/glew/2.1.0/lib/:/cvmfs/soft.computecanada.ca/easybuild/software/2020/avx512/Core/python/3.9.6/lib/:/cvmfs/soft.computecanada.ca/easybuild/software/2020/Core/libffi/3.3/lib64/:/cvmfs/soft.computecanada.ca/easybuild/software/2020/Core/libffi/3.3/lib/:/cvmfs/soft.computecanada.ca/easybuild/software/2020/avx512/Core/cfitsio/3.48/lib/:/cvmfs/soft.computecanada.ca/easybuild/software/2020/Core/gcccore/9.3.0/lib/gcc/x86_64-pc-linux-gnu/9.3.0/../../../:/cvmfs/soft.computecanada.ca/gentoo/2020/lib/:/cvmfs/soft.computecanada.ca/gentoo/2020/usr/lib/
COLLECT_GCC_OPTIONS='-v' '-o' 'CMakeFiles/cmTC_eeee2.dir/CMakeCXXCompilerABI.cpp.o' '-c' '-shared-libgcc' '-mtune=generic' '-march=x86-64'
Linking CXX executable cmTC_eeee2
/cvmfs/soft.computecanada.ca/easybuild/software/2020/Core/cmake/3.18.4/bin/cmake -E cmake_link_script CMakeFiles/cmTC_eeee2.dir/link.txt --verbose=1
/cvmfs/soft.computecanada.ca/easybuild/software/2020/Core/gcccore/9.3.0/bin/c++  -v CMakeFiles/cmTC_eeee2.dir/CMakeCXXCompilerABI.cpp.o -o cmTC_eeee2 
Using built-in specs.
COLLECT_GCC=/cvmfs/soft.computecanada.ca/easybuild/software/2020/Core/gcccore/9.3.0/bin/c++
COLLECT_LTO_WRAPPER=/cvmfs/soft.computecanada.ca/easybuild/software/2020/Core/gcccore/9.3.0/libexec/gcc/x86_64-pc-linux-gnu/9.3.0/lto-wrapper
OFFLOAD_TARGET_NAMES=nvptx-none
Target: x86_64-pc-linux-gnu
Configured with: ../configure --with-sysroot=/cvmfs/soft.computecanada.ca/gentoo/2020 --enable-languages=c,c++,fortran --without-cuda-driver --enable-offload-targets=nvptx-none --enable-lto --enable-checking=release --disable-multilib --enable-shared=yes --enable-static=yes --enable-threads=posix --enable-plugins --enable-gold=default --enable-ld --with-plugin-ld=ld.gold --prefix=/cvmfs/soft.computecanada.ca/easybuild/software/2020/Core/gcccore/9.3.0 --with-local-prefix=/cvmfs/soft.computecanada.ca/easybuild/software/2020/Core/gcccore/9.3.0 --enable-bootstrap --with-isl=/tmp/ebuser/avx2/GCCcore/9.3.0/system-system/gcc-9.3.0/stage2_stuff --build=x86_64-pc-linux-gnu --host=x86_64-pc-linux-gnu
Thread model: posix
gcc version 9.3.0 (GCC) 
COMPILER_PATH=/cvmfs/soft.computecanada.ca/easybuild/software/2020/Core/gcccore/9.3.0/libexec/gcc/x86_64-pc-linux-gnu/9.3.0/:/cvmfs/soft.computecanada.ca/easybuild/software/2020/Core/gcccore/9.3.0/libexec/gcc/x86_64-pc-linux-gnu/9.3.0/:/cvmfs/soft.computecanada.ca/easybuild/software/2020/Core/gcccore/9.3.0/libexec/gcc/x86_64-pc-linux-gnu/:/cvmfs/soft.computecanada.ca/easybuild/software/2020/Core/gcccore/9.3.0/lib/gcc/x86_64-pc-linux-gnu/9.3.0/:/cvmfs/soft.computecanada.ca/easybuild/software/2020/Core/gcccore/9.3.0/lib/gcc/x86_64-pc-linux-gnu/
LIBRARY_PATH=/cvmfs/soft.computecanada.ca/easybuild/software/2020/avx512/CUDA/gcc9/cuda11.2/openmpi/4.0.3/lib/../lib64/:/cvmfs/soft.computecanada.ca/easybuild/software/2020/avx512/CUDA/cuda11.2/libfabric/1.10.1/lib/../lib64/:/cvmfs/soft.computecanada.ca/easybuild/software/2020/avx512/CUDA/cuda11.2/ucx/1.8.0/lib/../lib64/:/cvmfs/soft.computecanada.ca/easybuild/software/2020/avx512/CUDA/cuda11.2/gdrcopy/2.1/lib/../lib64/:/cvmfs/soft.computecanada.ca/easybuild/software/2020/Core/cudacore/11.2.2/stubs/lib64/../lib64/:/cvmfs/soft.computecanada.ca/easybuild/software/2020/avx512/Compiler/gcc9/root/6.26.06/lib/../lib64/:/cvmfs/soft.computecanada.ca/easybuild/software/2020/avx512/Core/glew/2.1.0/lib64/../lib64/:/cvmfs/soft.computecanada.ca/easybuild/software/2020/avx512/Core/glew/2.1.0/lib/../lib64/:/cvmfs/soft.computecanada.ca/easybuild/software/2020/avx512/Core/python/3.9.6/lib/../lib64/:/cvmfs/soft.computecanada.ca/easybuild/software/2020/Core/libffi/3.3/lib64/../lib64/:/cvmfs/soft.computecanada.ca/easybuild/software/2020/Core/libffi/3.3/lib/../lib64/:/cvmfs/soft.computecanada.ca/easybuild/software/2020/avx512/Core/cfitsio/3.48/lib/../lib64/:/cvmfs/soft.computecanada.ca/easybuild/software/2020/Core/gcccore/9.3.0/lib/gcc/x86_64-pc-linux-gnu/9.3.0/:/cvmfs/soft.computecanada.ca/easybuild/software/2020/Core/gcccore/9.3.0/lib/gcc/x86_64-pc-linux-gnu/9.3.0/../../../../lib64/:/cvmfs/soft.computecanada.ca/gentoo/2020/lib/../lib64/:/cvmfs/soft.computecanada.ca/gentoo/2020/usr/lib/../lib64/:/cvmfs/soft.computecanada.ca/easybuild/software/2020/avx512/CUDA/gcc9/cuda11.2/openmpi/4.0.3/lib/:/cvmfs/soft.computecanada.ca/easybuild/software/2020/avx512/CUDA/cuda11.2/libfabric/1.10.1/lib/:/cvmfs/soft.computecanada.ca/easybuild/software/2020/avx512/CUDA/cuda11.2/ucx/1.8.0/lib/:/cvmfs/soft.computecanada.ca/easybuild/software/2020/avx512/CUDA/cuda11.2/gdrcopy/2.1/lib/:/cvmfs/soft.computecanada.ca/easybuild/software/2020/Core/cudacore/11.2.2/stubs/lib64/:/cvmfs/soft.computecanada.ca/easybuild/software/2020/Core/cudacore/11.2.2/lib/:/cvmfs/soft.computecanada.ca/easybuild/software/2020/avx512/Compiler/gcc9/root/6.26.06/lib/:/cvmfs/soft.computecanada.ca/easybuild/software/2020/avx512/Compiler/gcc9/fftw/3.3.8/lib/:/cvmfs/soft.computecanada.ca/easybuild/software/2020/avx512/Compiler/gcc9/gsl/2.6/lib/:/cvmfs/soft.computecanada.ca/easybuild/software/2020/Core/imkl/2020.1.217/mkl/lib/intel64/:/cvmfs/soft.computecanada.ca/easybuild/software/2020/Core/imkl/2020.1.217/lib/intel64/:/cvmfs/soft.computecanada.ca/easybuild/software/2020/avx512/Core/glew/2.1.0/lib64/:/cvmfs/soft.computecanada.ca/easybuild/software/2020/avx512/Core/glew/2.1.0/lib/:/cvmfs/soft.computecanada.ca/easybuild/software/2020/avx512/Core/python/3.9.6/lib/:/cvmfs/soft.computecanada.ca/easybuild/software/2020/Core/libffi/3.3/lib64/:/cvmfs/soft.computecanada.ca/easybuild/software/2020/Core/libffi/3.3/lib/:/cvmfs/soft.computecanada.ca/easybuild/software/2020/avx512/Core/cfitsio/3.48/lib/:/cvmfs/soft.computecanada.ca/easybuild/software/2020/Core/gcccore/9.3.0/lib/gcc/x86_64-pc-linux-gnu/9.3.0/../../../:/cvmfs/soft.computecanada.ca/gentoo/2020/lib/:/cvmfs/soft.computecanada.ca/gentoo/2020/usr/lib/
COLLECT_GCC_OPTIONS='-v' '-o' 'cmTC_eeee2' '-shared-libgcc' '-mtune=generic' '-march=x86-64'
 /cvmfs/soft.computecanada.ca/easybuild/software/2020/Core/gcccore/9.3.0/libexec/gcc/x86_64-pc-linux-gnu/9.3.0/collect2 -plugin /cvmfs/soft.computecanada.ca/easybuild/software/2020/Core/gcccore/9.3.0/libexec/gcc/x86_64-pc-linux-gnu/9.3.0/liblto_plugin.so -plugin-opt=/cvmfs/soft.computecanada.ca/easybuild/software/2020/Core/gcccore/9.3.0/libexec/gcc/x86_64-pc-linux-gnu/9.3.0/lto-wrapper -plugin-opt=-fresolution=/tmp/ccKrNECO.res -plugin-opt=-pass-through=-lgcc_s -plugin-opt=-pass-through=-lgcc -plugin-opt=-pass-through=-lc -plugin-opt=-pass-through=-lgcc_s -plugin-opt=-pass-through=-lgcc --eh-frame-hdr -m elf_x86_64 -dynamic-linker /cvmfs/soft.computecanada.ca/gentoo/2020/lib64/ld-linux-x86-64.so.2 -o cmTC_eeee2 /cvmfs/soft.computecanada.ca/gentoo/2020/usr/lib/../lib64/crt1.o /cvmfs/soft.computecanada.ca/gentoo/2020/usr/lib/../lib64/crti.o /cvmfs/soft.computecanada.ca/easybuild/software/2020/Core/gcccore/9.3.0/lib/gcc/x86_64-pc-linux-gnu/9.3.0/crtbegin.o -L/cvmfs/soft.computecanada.ca/easybuild/software/2020/avx512/CUDA/gcc9/cuda11.2/openmpi/4.0.3/lib/../lib64 -L/cvmfs/soft.computecanada.ca/easybuild/software/2020/avx512/CUDA/cuda11.2/libfabric/1.10.1/lib/../lib64 -L/cvmfs/soft.computecanada.ca/easybuild/software/2020/avx512/CUDA/cuda11.2/ucx/1.8.0/lib/../lib64 -L/cvmfs/soft.computecanada.ca/easybuild/software/2020/avx512/CUDA/cuda11.2/gdrcopy/2.1/lib/../lib64 -L/cvmfs/soft.computecanada.ca/easybuild/software/2020/Core/cudacore/11.2.2/stubs/lib64/../lib64 -L/cvmfs/soft.computecanada.ca/easybuild/software/2020/avx512/Compiler/gcc9/root/6.26.06/lib/../lib64 -L/cvmfs/soft.computecanada.ca/easybuild/software/2020/avx512/Core/glew/2.1.0/lib64/../lib64 -L/cvmfs/soft.computecanada.ca/easybuild/software/2020/avx512/Core/glew/2.1.0/lib/../lib64 -L/cvmfs/soft.computecanada.ca/easybuild/software/2020/avx512/Core/python/3.9.6/lib/../lib64 -L/cvmfs/soft.computecanada.ca/easybuild/software/2020/Core/libffi/3.3/lib64/../lib64 -L/cvmfs/soft.computecanada.ca/easybuild/software/2020/Core/libffi/3.3/lib/../lib64 -L/cvmfs/soft.computecanada.ca/easybuild/software/2020/avx512/Core/cfitsio/3.48/lib/../lib64 -L/cvmfs/soft.computecanada.ca/easybuild/software/2020/Core/gcccore/9.3.0/lib/gcc/x86_64-pc-linux-gnu/9.3.0 -L/cvmfs/soft.computecanada.ca/easybuild/software/2020/Core/gcccore/9.3.0/lib/gcc/x86_64-pc-linux-gnu/9.3.0/../../../../lib64 -L/cvmfs/soft.computecanada.ca/gentoo/2020/lib/../lib64 -L/cvmfs/soft.computecanada.ca/gentoo/2020/usr/lib/../lib64 -L/cvmfs/soft.computecanada.ca/easybuild/software/2020/avx512/CUDA/gcc9/cuda11.2/openmpi/4.0.3/lib -L/cvmfs/soft.computecanada.ca/easybuild/software/2020/avx512/CUDA/cuda11.2/libfabric/1.10.1/lib -L/cvmfs/soft.computecanada.ca/easybuild/software/2020/avx512/CUDA/cuda11.2/ucx/1.8.0/lib -L/cvmfs/soft.computecanada.ca/easybuild/software/2020/avx512/CUDA/cuda11.2/gdrcopy/2.1/lib -L/cvmfs/soft.computecanada.ca/easybuild/software/2020/Core/cudacore/11.2.2/stubs/lib64 -L/cvmfs/soft.computecanada.ca/easybuild/software/2020/Core/cudacore/11.2.2/lib -L/cvmfs/soft.computecanada.ca/easybuild/software/2020/avx512/Compiler/gcc9/root/6.26.06/lib -L/cvmfs/soft.computecanada.ca/easybuild/software/2020/avx512/Compiler/gcc9/fftw/3.3.8/lib -L/cvmfs/soft.computecanada.ca/easybuild/software/2020/avx512/Compiler/gcc9/gsl/2.6/lib -L/cvmfs/soft.computecanada.ca/easybuild/software/2020/Core/imkl/2020.1.217/mkl/lib/intel64 -L/cvmfs/soft.computecanada.ca/easybuild/software/2020/Core/imkl/2020.1.217/lib/intel64 -L/cvmfs/soft.computecanada.ca/easybuild/software/2020/avx512/Core/glew/2.1.0/lib64 -L/cvmfs/soft.computecanada.ca/easybuild/software/2020/avx512/Core/glew/2.1.0/lib -L/cvmfs/soft.computecanada.ca/easybuild/software/2020/avx512/Core/python/3.9.6/lib -L/cvmfs/soft.computecanada.ca/easybuild/software/2020/Core/libffi/3.3/lib64 -L/cvmfs/soft.computecanada.ca/easybuild/software/2020/Core/libffi/3.3/lib -L/cvmfs/soft.computecanada.ca/easybuild/software/2020/avx512/Core/cfitsio/3.48/lib -L/cvmfs/soft.computecanada.ca/easybuild/software/2020/Core/gcccore/9.3.0/lib/gcc/x86_64-pc-linux-gnu/9.3.0/../../.. -L/cvmfs/soft.computecanada.ca/gentoo/2020/lib -L/cvmfs/soft.computecanada.ca/gentoo/2020/usr/lib CMakeFiles/cmTC_eeee2.dir/CMakeCXXCompilerABI.cpp.o -lstdc++ -lm -lgcc_s -lgcc -lc -lgcc_s -lgcc /cvmfs/soft.computecanada.ca/easybuild/software/2020/Core/gcccore/9.3.0/lib/gcc/x86_64-pc-linux-gnu/9.3.0/crtend.o /cvmfs/soft.computecanada.ca/gentoo/2020/usr/lib/../lib64/crtn.o
COLLECT_GCC_OPTIONS='-v' '-o' 'cmTC_eeee2' '-shared-libgcc' '-mtune=generic' '-march=x86-64'
gmake[1]: Leaving directory '/home/henryi/HK/MaCh3_Core/build/CMakeFiles/CMakeTmp'



Parsed CXX implicit include dir info from above output: rv=done
  found start of include info
  found start of implicit include info
    add: [/cvmfs/soft.computecanada.ca/easybuild/software/2020/avx512/CUDA/gcc9/cuda11.2/openmpi/4.0.3/include]
    add: [/cvmfs/soft.computecanada.ca/easybuild/software/2020/avx512/CUDA/cuda11.2/libfabric/1.10.1/include]
    add: [/cvmfs/soft.computecanada.ca/easybuild/software/2020/avx512/CUDA/cuda11.2/ucx/1.8.0/include]
    add: [/cvmfs/soft.computecanada.ca/easybuild/software/2020/avx512/CUDA/cuda11.2/gdrcopy/2.1/include]
    add: [/cvmfs/soft.computecanada.ca/easybuild/software/2020/Core/cudacore/11.2.2/nvvm/include]
    add: [/cvmfs/soft.computecanada.ca/easybuild/software/2020/Core/cudacore/11.2.2/extras/CUPTI/include]
    add: [/cvmfs/soft.computecanada.ca/easybuild/software/2020/Core/cudacore/11.2.2/include]
    add: [/cvmfs/soft.computecanada.ca/easybuild/software/2020/avx512/Compiler/gcc9/root/6.26.06/include]
    add: [/cvmfs/soft.computecanada.ca/easybuild/software/2020/avx512/Compiler/gcc9/fftw/3.3.8/include]
    add: [/cvmfs/soft.computecanada.ca/easybuild/software/2020/avx512/Compiler/gcc9/gsl/2.6/include]
    add: [/cvmfs/soft.computecanada.ca/easybuild/software/2020/Core/imkl/2020.1.217/mkl/include/fftw]
    add: [/cvmfs/soft.computecanada.ca/easybuild/software/2020/Core/imkl/2020.1.217/mkl/include]
    add: [/cvmfs/soft.computecanada.ca/easybuild/software/2020/avx512/Core/glew/2.1.0/include]
    add: [/cvmfs/soft.computecanada.ca/easybuild/software/2020/avx512/Core/python/3.9.6/include]
    add: [/cvmfs/soft.computecanada.ca/easybuild/software/2020/Core/libffi/3.3/include]
    add: [/cvmfs/soft.computecanada.ca/easybuild/software/2020/avx512/Core/cfitsio/3.48/include]
    add: [/cvmfs/soft.computecanada.ca/nix/var/nix/profiles/16.09/include]
    add: [/cvmfs/soft.computecanada.ca/easybuild/software/2020/Core/gcccore/9.3.0/lib/gcc/x86_64-pc-linux-gnu/9.3.0/../../../../include/c++/9.3.0]
    add: [/cvmfs/soft.computecanada.ca/easybuild/software/2020/Core/gcccore/9.3.0/lib/gcc/x86_64-pc-linux-gnu/9.3.0/../../../../include/c++/9.3.0/x86_64-pc-linux-gnu]
    add: [/cvmfs/soft.computecanada.ca/easybuild/software/2020/Core/gcccore/9.3.0/lib/gcc/x86_64-pc-linux-gnu/9.3.0/../../../../include/c++/9.3.0/backward]
    add: [/cvmfs/soft.computecanada.ca/easybuild/software/2020/Core/gcccore/9.3.0/lib/gcc/x86_64-pc-linux-gnu/9.3.0/include]
    add: [/cvmfs/soft.computecanada.ca/gentoo/2020/usr/include]
  end of search list found
  collapse include dir [/cvmfs/soft.computecanada.ca/easybuild/software/2020/avx512/CUDA/gcc9/cuda11.2/openmpi/4.0.3/include] ==> [/cvmfs/soft.computecanada.ca/easybuild/software/2020/avx512/CUDA/gcc9/cuda11.2/openmpi/4.0.3/include]
  collapse include dir [/cvmfs/soft.computecanada.ca/easybuild/software/2020/avx512/CUDA/cuda11.2/libfabric/1.10.1/include] ==> [/cvmfs/soft.computecanada.ca/easybuild/software/2020/avx512/CUDA/cuda11.2/libfabric/1.10.1/include]
  collapse include dir [/cvmfs/soft.computecanada.ca/easybuild/software/2020/avx512/CUDA/cuda11.2/ucx/1.8.0/include] ==> [/cvmfs/soft.computecanada.ca/easybuild/software/2020/avx512/CUDA/cuda11.2/ucx/1.8.0/include]
  collapse include dir [/cvmfs/soft.computecanada.ca/easybuild/software/2020/avx512/CUDA/cuda11.2/gdrcopy/2.1/include] ==> [/cvmfs/soft.computecanada.ca/easybuild/software/2020/avx512/CUDA/cuda11.2/gdrcopy/2.1/include]
  collapse include dir [/cvmfs/soft.computecanada.ca/easybuild/software/2020/Core/cudacore/11.2.2/nvvm/include] ==> [/cvmfs/soft.computecanada.ca/easybuild/software/2020/Core/cudacore/11.2.2/nvvm/include]
  collapse include dir [/cvmfs/soft.computecanada.ca/easybuild/software/2020/Core/cudacore/11.2.2/extras/CUPTI/include] ==> [/cvmfs/soft.computecanada.ca/easybuild/software/2020/Core/cudacore/11.2.2/extras/CUPTI/include]
  collapse include dir [/cvmfs/soft.computecanada.ca/easybuild/software/2020/Core/cudacore/11.2.2/include] ==> [/cvmfs/soft.computecanada.ca/easybuild/software/2020/Core/cudacore/11.2.2/include]
  collapse include dir [/cvmfs/soft.computecanada.ca/easybuild/software/2020/avx512/Compiler/gcc9/root/6.26.06/include] ==> [/cvmfs/soft.computecanada.ca/easybuild/software/2020/avx512/Compiler/gcc9/root/6.26.06/include]
  collapse include dir [/cvmfs/soft.computecanada.ca/easybuild/software/2020/avx512/Compiler/gcc9/fftw/3.3.8/include] ==> [/cvmfs/soft.computecanada.ca/easybuild/software/2020/avx512/Compiler/gcc9/fftw/3.3.8/include]
  collapse include dir [/cvmfs/soft.computecanada.ca/easybuild/software/2020/avx512/Compiler/gcc9/gsl/2.6/include] ==> [/cvmfs/soft.computecanada.ca/easybuild/software/2020/avx512/Compiler/gcc9/gsl/2.6/include]
  collapse include dir [/cvmfs/soft.computecanada.ca/easybuild/software/2020/Core/imkl/2020.1.217/mkl/include/fftw] ==> [/cvmfs/soft.computecanada.ca/easybuild/software/2020/Core/imkl/2020.1.217/mkl/include/fftw]
  collapse include dir [/cvmfs/soft.computecanada.ca/easybuild/software/2020/Core/imkl/2020.1.217/mkl/include] ==> [/cvmfs/soft.computecanada.ca/easybuild/software/2020/Core/imkl/2020.1.217/mkl/include]
  collapse include dir [/cvmfs/soft.computecanada.ca/easybuild/software/2020/avx512/Core/glew/2.1.0/include] ==> [/cvmfs/soft.computecanada.ca/easybuild/software/2020/avx512/Core/glew/2.1.0/include]
  collapse include dir [/cvmfs/soft.computecanada.ca/easybuild/software/2020/avx512/Core/python/3.9.6/include] ==> [/cvmfs/soft.computecanada.ca/easybuild/software/2020/avx512/Core/python/3.9.6/include]
  collapse include dir [/cvmfs/soft.computecanada.ca/easybuild/software/2020/Core/libffi/3.3/include] ==> [/cvmfs/soft.computecanada.ca/easybuild/software/2020/Core/libffi/3.3/include]
  collapse include dir [/cvmfs/soft.computecanada.ca/easybuild/software/2020/avx512/Core/cfitsio/3.48/include] ==> [/cvmfs/soft.computecanada.ca/easybuild/software/2020/avx512/Core/cfitsio/3.48/include]
  collapse include dir [/cvmfs/soft.computecanada.ca/nix/var/nix/profiles/16.09/include] ==> [/cvmfs/soft.computecanada.ca/nix/var/nix/profiles/16.09/include]
  collapse include dir [/cvmfs/soft.computecanada.ca/easybuild/software/2020/Core/gcccore/9.3.0/lib/gcc/x86_64-pc-linux-gnu/9.3.0/../../../../include/c++/9.3.0] ==> [/cvmfs/soft.computecanada.ca/easybuild/software/2020/Core/gcccore/9.3.0/include/c++/9.3.0]
  collapse include dir [/cvmfs/soft.computecanada.ca/easybuild/software/2020/Core/gcccore/9.3.0/lib/gcc/x86_64-pc-linux-gnu/9.3.0/../../../../include/c++/9.3.0/x86_64-pc-linux-gnu] ==> [/cvmfs/soft.computecanada.ca/easybuild/software/2020/Core/gcccore/9.3.0/include/c++/9.3.0/x86_64-pc-linux-gnu]
  collapse include dir [/cvmfs/soft.computecanada.ca/easybuild/software/2020/Core/gcccore/9.3.0/lib/gcc/x86_64-pc-linux-gnu/9.3.0/../../../../include/c++/9.3.0/backward] ==> [/cvmfs/soft.computecanada.ca/easybuild/software/2020/Core/gcccore/9.3.0/include/c++/9.3.0/backward]
  collapse include dir [/cvmfs/soft.computecanada.ca/easybuild/software/2020/Core/gcccore/9.3.0/lib/gcc/x86_64-pc-linux-gnu/9.3.0/include] ==> [/cvmfs/soft.computecanada.ca/easybuild/software/2020/Core/gcccore/9.3.0/lib/gcc/x86_64-pc-linux-gnu/9.3.0/include]
  collapse include dir [/cvmfs/soft.computecanada.ca/gentoo/2020/usr/include] ==> [/cvmfs/soft.computecanada.ca/gentoo/2020/usr/include]
  implicit include dirs: [/cvmfs/soft.computecanada.ca/easybuild/software/2020/avx512/CUDA/gcc9/cuda11.2/openmpi/4.0.3/include;/cvmfs/soft.computecanada.ca/easybuild/software/2020/avx512/CUDA/cuda11.2/libfabric/1.10.1/include;/cvmfs/soft.computecanada.ca/easybuild/software/2020/avx512/CUDA/cuda11.2/ucx/1.8.0/include;/cvmfs/soft.computecanada.ca/easybuild/software/2020/avx512/CUDA/cuda11.2/gdrcopy/2.1/include;/cvmfs/soft.computecanada.ca/easybuild/software/2020/Core/cudacore/11.2.2/nvvm/include;/cvmfs/soft.computecanada.ca/easybuild/software/2020/Core/cudacore/11.2.2/extras/CUPTI/include;/cvmfs/soft.computecanada.ca/easybuild/software/2020/Core/cudacore/11.2.2/include;/cvmfs/soft.computecanada.ca/easybuild/software/2020/avx512/Compiler/gcc9/root/6.26.06/include;/cvmfs/soft.computecanada.ca/easybuild/software/2020/avx512/Compiler/gcc9/fftw/3.3.8/include;/cvmfs/soft.computecanada.ca/easybuild/software/2020/avx512/Compiler/gcc9/gsl/2.6/include;/cvmfs/soft.computecanada.ca/easybuild/software/2020/Core/imkl/2020.1.217/mkl/include/fftw;/cvmfs/soft.computecanada.ca/easybuild/software/2020/Core/imkl/2020.1.217/mkl/include;/cvmfs/soft.computecanada.ca/easybuild/software/2020/avx512/Core/glew/2.1.0/include;/cvmfs/soft.computecanada.ca/easybuild/software/2020/avx512/Core/python/3.9.6/include;/cvmfs/soft.computecanada.ca/easybuild/software/2020/Core/libffi/3.3/include;/cvmfs/soft.computecanada.ca/easybuild/software/2020/avx512/Core/cfitsio/3.48/include;/cvmfs/soft.computecanada.ca/nix/var/nix/profiles/16.09/include;/cvmfs/soft.computecanada.ca/easybuild/software/2020/Core/gcccore/9.3.0/include/c++/9.3.0;/cvmfs/soft.computecanada.ca/easybuild/software/2020/Core/gcccore/9.3.0/include/c++/9.3.0/x86_64-pc-linux-gnu;/cvmfs/soft.computecanada.ca/easybuild/software/2020/Core/gcccore/9.3.0/include/c++/9.3.0/backward;/cvmfs/soft.computecanada.ca/easybuild/software/2020/Core/gcccore/9.3.0/lib/gcc/x86_64-pc-linux-gnu/9.3.0/include;/cvmfs/soft.computecanada.ca/gentoo/2020/usr/include]


Parsed CXX implicit link information from above output:
  link line regex: [^( *|.*[/\])(ld|CMAKE_LINK_STARTFILE-NOTFOUND|([^/\]+-)?ld|collect2)[^/\]*( |$)]
  ignore line: [Change Dir: /home/henryi/HK/MaCh3_Core/build/CMakeFiles/CMakeTmp]
  ignore line: []
  ignore line: [Run Build Command(s):/cvmfs/soft.computecanada.ca/gentoo/2020/usr/bin/gmake cmTC_eeee2/fast && /cvmfs/soft.computecanada.ca/gentoo/2020/usr/bin/gmake  -f CMakeFiles/cmTC_eeee2.dir/build.make CMakeFiles/cmTC_eeee2.dir/build]
  ignore line: [gmake[1]: Entering directory '/home/henryi/HK/MaCh3_Core/build/CMakeFiles/CMakeTmp']
  ignore line: [Building CXX object CMakeFiles/cmTC_eeee2.dir/CMakeCXXCompilerABI.cpp.o]
  ignore line: [/cvmfs/soft.computecanada.ca/easybuild/software/2020/Core/gcccore/9.3.0/bin/c++   -v -o CMakeFiles/cmTC_eeee2.dir/CMakeCXXCompilerABI.cpp.o -c /cvmfs/soft.computecanada.ca/easybuild/software/2020/Core/cmake/3.18.4/share/cmake-3.18/Modules/CMakeCXXCompilerABI.cpp]
  ignore line: [Using built-in specs.]
  ignore line: [COLLECT_GCC=/cvmfs/soft.computecanada.ca/easybuild/software/2020/Core/gcccore/9.3.0/bin/c++]
  ignore line: [OFFLOAD_TARGET_NAMES=nvptx-none]
  ignore line: [Target: x86_64-pc-linux-gnu]
  ignore line: [Configured with: ../configure --with-sysroot=/cvmfs/soft.computecanada.ca/gentoo/2020 --enable-languages=c,c++,fortran --without-cuda-driver --enable-offload-targets=nvptx-none --enable-lto --enable-checking=release --disable-multilib --enable-shared=yes --enable-static=yes --enable-threads=posix --enable-plugins --enable-gold=default --enable-ld --with-plugin-ld=ld.gold --prefix=/cvmfs/soft.computecanada.ca/easybuild/software/2020/Core/gcccore/9.3.0 --with-local-prefix=/cvmfs/soft.computecanada.ca/easybuild/software/2020/Core/gcccore/9.3.0 --enable-bootstrap --with-isl=/tmp/ebuser/avx2/GCCcore/9.3.0/system-system/gcc-9.3.0/stage2_stuff --build=x86_64-pc-linux-gnu --host=x86_64-pc-linux-gnu]
  ignore line: [Thread model: posix]
  ignore line: [gcc version 9.3.0 (GCC) ]
  ignore line: [COLLECT_GCC_OPTIONS='-v' '-o' 'CMakeFiles/cmTC_eeee2.dir/CMakeCXXCompilerABI.cpp.o' '-c' '-shared-libgcc' '-mtune=generic' '-march=x86-64']
  ignore line: [ /cvmfs/soft.computecanada.ca/easybuild/software/2020/Core/gcccore/9.3.0/libexec/gcc/x86_64-pc-linux-gnu/9.3.0/cc1plus -quiet -v -D_GNU_SOURCE /cvmfs/soft.computecanada.ca/easybuild/software/2020/Core/cmake/3.18.4/share/cmake-3.18/Modules/CMakeCXXCompilerABI.cpp -quiet -dumpbase CMakeCXXCompilerABI.cpp -mtune=generic -march=x86-64 -auxbase-strip CMakeFiles/cmTC_eeee2.dir/CMakeCXXCompilerABI.cpp.o -version -o /tmp/ccHlhGuh.s]
  ignore line: [GNU C++14 (GCC) version 9.3.0 (x86_64-pc-linux-gnu)]
  ignore line: [	compiled by GNU C version 9.3.0  GMP version 6.2.0  MPFR version 4.0.2  MPC version 1.1.0  isl version isl-0.22.1-GMP]
  ignore line: []
  ignore line: [GGC heuristics: --param ggc-min-expand=100 --param ggc-min-heapsize=131072]
  ignore line: [ignoring nonexistent directory "/cvmfs/soft.computecanada.ca/gentoo/2020/cvmfs/soft.computecanada.ca/easybuild/software/2020/Core/gcccore/9.3.0/include"]
  ignore line: [ignoring nonexistent directory "/cvmfs/soft.computecanada.ca/easybuild/software/2020/Core/gcccore/9.3.0/lib/gcc/x86_64-pc-linux-gnu/9.3.0/include-fixed"]
  ignore line: [ignoring nonexistent directory "/cvmfs/soft.computecanada.ca/easybuild/software/2020/Core/gcccore/9.3.0/lib/gcc/x86_64-pc-linux-gnu/9.3.0/../../../../x86_64-pc-linux-gnu/include"]
  ignore line: [#include "..." search starts here:]
  ignore line: [#include <...> search starts here:]
  ignore line: [ /cvmfs/soft.computecanada.ca/easybuild/software/2020/avx512/CUDA/gcc9/cuda11.2/openmpi/4.0.3/include]
  ignore line: [ /cvmfs/soft.computecanada.ca/easybuild/software/2020/avx512/CUDA/cuda11.2/libfabric/1.10.1/include]
  ignore line: [ /cvmfs/soft.computecanada.ca/easybuild/software/2020/avx512/CUDA/cuda11.2/ucx/1.8.0/include]
  ignore line: [ /cvmfs/soft.computecanada.ca/easybuild/software/2020/avx512/CUDA/cuda11.2/gdrcopy/2.1/include]
  ignore line: [ /cvmfs/soft.computecanada.ca/easybuild/software/2020/Core/cudacore/11.2.2/nvvm/include]
  ignore line: [ /cvmfs/soft.computecanada.ca/easybuild/software/2020/Core/cudacore/11.2.2/extras/CUPTI/include]
  ignore line: [ /cvmfs/soft.computecanada.ca/easybuild/software/2020/Core/cudacore/11.2.2/include]
  ignore line: [ /cvmfs/soft.computecanada.ca/easybuild/software/2020/avx512/Compiler/gcc9/root/6.26.06/include]
  ignore line: [ /cvmfs/soft.computecanada.ca/easybuild/software/2020/avx512/Compiler/gcc9/fftw/3.3.8/include]
  ignore line: [ /cvmfs/soft.computecanada.ca/easybuild/software/2020/avx512/Compiler/gcc9/gsl/2.6/include]
  ignore line: [ /cvmfs/soft.computecanada.ca/easybuild/software/2020/Core/imkl/2020.1.217/mkl/include/fftw]
  ignore line: [ /cvmfs/soft.computecanada.ca/easybuild/software/2020/Core/imkl/2020.1.217/mkl/include]
  ignore line: [ /cvmfs/soft.computecanada.ca/easybuild/software/2020/avx512/Core/glew/2.1.0/include]
  ignore line: [ /cvmfs/soft.computecanada.ca/easybuild/software/2020/avx512/Core/python/3.9.6/include]
  ignore line: [ /cvmfs/soft.computecanada.ca/easybuild/software/2020/Core/libffi/3.3/include]
  ignore line: [ /cvmfs/soft.computecanada.ca/easybuild/software/2020/avx512/Core/cfitsio/3.48/include]
  ignore line: [ /cvmfs/soft.computecanada.ca/nix/var/nix/profiles/16.09/include]
  ignore line: [ /cvmfs/soft.computecanada.ca/easybuild/software/2020/Core/gcccore/9.3.0/lib/gcc/x86_64-pc-linux-gnu/9.3.0/../../../../include/c++/9.3.0]
  ignore line: [ /cvmfs/soft.computecanada.ca/easybuild/software/2020/Core/gcccore/9.3.0/lib/gcc/x86_64-pc-linux-gnu/9.3.0/../../../../include/c++/9.3.0/x86_64-pc-linux-gnu]
  ignore line: [ /cvmfs/soft.computecanada.ca/easybuild/software/2020/Core/gcccore/9.3.0/lib/gcc/x86_64-pc-linux-gnu/9.3.0/../../../../include/c++/9.3.0/backward]
  ignore line: [ /cvmfs/soft.computecanada.ca/easybuild/software/2020/Core/gcccore/9.3.0/lib/gcc/x86_64-pc-linux-gnu/9.3.0/include]
  ignore line: [ /cvmfs/soft.computecanada.ca/gentoo/2020/usr/include]
  ignore line: [End of search list.]
  ignore line: [GNU C++14 (GCC) version 9.3.0 (x86_64-pc-linux-gnu)]
  ignore line: [	compiled by GNU C version 9.3.0  GMP version 6.2.0  MPFR version 4.0.2  MPC version 1.1.0  isl version isl-0.22.1-GMP]
  ignore line: []
  ignore line: [GGC heuristics: --param ggc-min-expand=100 --param ggc-min-heapsize=131072]
  ignore line: [Compiler executable checksum: 6bc1e845c0303f2db7e43e01b824cb9c]
  ignore line: [COLLECT_GCC_OPTIONS='-v' '-o' 'CMakeFiles/cmTC_eeee2.dir/CMakeCXXCompilerABI.cpp.o' '-c' '-shared-libgcc' '-mtune=generic' '-march=x86-64']
  ignore line: [ as -v --64 -o CMakeFiles/cmTC_eeee2.dir/CMakeCXXCompilerABI.cpp.o /tmp/ccHlhGuh.s]
  ignore line: [GNU assembler version 2.33.1 (x86_64-pc-linux-gnu) using BFD version (Gentoo 2.33.1 p2) 2.33.1]
  ignore line: [COMPILER_PATH=/cvmfs/soft.computecanada.ca/easybuild/software/2020/Core/gcccore/9.3.0/libexec/gcc/x86_64-pc-linux-gnu/9.3.0/:/cvmfs/soft.computecanada.ca/easybuild/software/2020/Core/gcccore/9.3.0/libexec/gcc/x86_64-pc-linux-gnu/9.3.0/:/cvmfs/soft.computecanada.ca/easybuild/software/2020/Core/gcccore/9.3.0/libexec/gcc/x86_64-pc-linux-gnu/:/cvmfs/soft.computecanada.ca/easybuild/software/2020/Core/gcccore/9.3.0/lib/gcc/x86_64-pc-linux-gnu/9.3.0/:/cvmfs/soft.computecanada.ca/easybuild/software/2020/Core/gcccore/9.3.0/lib/gcc/x86_64-pc-linux-gnu/]
  ignore line: [LIBRARY_PATH=/cvmfs/soft.computecanada.ca/easybuild/software/2020/avx512/CUDA/gcc9/cuda11.2/openmpi/4.0.3/lib/../lib64/:/cvmfs/soft.computecanada.ca/easybuild/software/2020/avx512/CUDA/cuda11.2/libfabric/1.10.1/lib/../lib64/:/cvmfs/soft.computecanada.ca/easybuild/software/2020/avx512/CUDA/cuda11.2/ucx/1.8.0/lib/../lib64/:/cvmfs/soft.computecanada.ca/easybuild/software/2020/avx512/CUDA/cuda11.2/gdrcopy/2.1/lib/../lib64/:/cvmfs/soft.computecanada.ca/easybuild/software/2020/Core/cudacore/11.2.2/stubs/lib64/../lib64/:/cvmfs/soft.computecanada.ca/easybuild/software/2020/avx512/Compiler/gcc9/root/6.26.06/lib/../lib64/:/cvmfs/soft.computecanada.ca/easybuild/software/2020/avx512/Core/glew/2.1.0/lib64/../lib64/:/cvmfs/soft.computecanada.ca/easybuild/software/2020/avx512/Core/glew/2.1.0/lib/../lib64/:/cvmfs/soft.computecanada.ca/easybuild/software/2020/avx512/Core/python/3.9.6/lib/../lib64/:/cvmfs/soft.computecanada.ca/easybuild/software/2020/Core/libffi/3.3/lib64/../lib64/:/cvmfs/soft.computecanada.ca/easybuild/software/2020/Core/libffi/3.3/lib/../lib64/:/cvmfs/soft.computecanada.ca/easybuild/software/2020/avx512/Core/cfitsio/3.48/lib/../lib64/:/cvmfs/soft.computecanada.ca/easybuild/software/2020/Core/gcccore/9.3.0/lib/gcc/x86_64-pc-linux-gnu/9.3.0/:/cvmfs/soft.computecanada.ca/easybuild/software/2020/Core/gcccore/9.3.0/lib/gcc/x86_64-pc-linux-gnu/9.3.0/../../../../lib64/:/cvmfs/soft.computecanada.ca/gentoo/2020/lib/../lib64/:/cvmfs/soft.computecanada.ca/gentoo/2020/usr/lib/../lib64/:/cvmfs/soft.computecanada.ca/easybuild/software/2020/avx512/CUDA/gcc9/cuda11.2/openmpi/4.0.3/lib/:/cvmfs/soft.computecanada.ca/easybuild/software/2020/avx512/CUDA/cuda11.2/libfabric/1.10.1/lib/:/cvmfs/soft.computecanada.ca/easybuild/software/2020/avx512/CUDA/cuda11.2/ucx/1.8.0/lib/:/cvmfs/soft.computecanada.ca/easybuild/software/2020/avx512/CUDA/cuda11.2/gdrcopy/2.1/lib/:/cvmfs/soft.computecanada.ca/easybuild/software/2020/Core/cudacore/11.2.2/stubs/lib64/:/cvmfs/soft.computecanada.ca/easybuild/software/2020/Core/cudacore/11.2.2/lib/:/cvmfs/soft.computecanada.ca/easybuild/software/2020/avx512/Compiler/gcc9/root/6.26.06/lib/:/cvmfs/soft.computecanada.ca/easybuild/software/2020/avx512/Compiler/gcc9/fftw/3.3.8/lib/:/cvmfs/soft.computecanada.ca/easybuild/software/2020/avx512/Compiler/gcc9/gsl/2.6/lib/:/cvmfs/soft.computecanada.ca/easybuild/software/2020/Core/imkl/2020.1.217/mkl/lib/intel64/:/cvmfs/soft.computecanada.ca/easybuild/software/2020/Core/imkl/2020.1.217/lib/intel64/:/cvmfs/soft.computecanada.ca/easybuild/software/2020/avx512/Core/glew/2.1.0/lib64/:/cvmfs/soft.computecanada.ca/easybuild/software/2020/avx512/Core/glew/2.1.0/lib/:/cvmfs/soft.computecanada.ca/easybuild/software/2020/avx512/Core/python/3.9.6/lib/:/cvmfs/soft.computecanada.ca/easybuild/software/2020/Core/libffi/3.3/lib64/:/cvmfs/soft.computecanada.ca/easybuild/software/2020/Core/libffi/3.3/lib/:/cvmfs/soft.computecanada.ca/easybuild/software/2020/avx512/Core/cfitsio/3.48/lib/:/cvmfs/soft.computecanada.ca/easybuild/software/2020/Core/gcccore/9.3.0/lib/gcc/x86_64-pc-linux-gnu/9.3.0/../../../:/cvmfs/soft.computecanada.ca/gentoo/2020/lib/:/cvmfs/soft.computecanada.ca/gentoo/2020/usr/lib/]
  ignore line: [COLLECT_GCC_OPTIONS='-v' '-o' 'CMakeFiles/cmTC_eeee2.dir/CMakeCXXCompilerABI.cpp.o' '-c' '-shared-libgcc' '-mtune=generic' '-march=x86-64']
  ignore line: [Linking CXX executable cmTC_eeee2]
  ignore line: [/cvmfs/soft.computecanada.ca/easybuild/software/2020/Core/cmake/3.18.4/bin/cmake -E cmake_link_script CMakeFiles/cmTC_eeee2.dir/link.txt --verbose=1]
  ignore line: [/cvmfs/soft.computecanada.ca/easybuild/software/2020/Core/gcccore/9.3.0/bin/c++  -v CMakeFiles/cmTC_eeee2.dir/CMakeCXXCompilerABI.cpp.o -o cmTC_eeee2 ]
  ignore line: [Using built-in specs.]
  ignore line: [COLLECT_GCC=/cvmfs/soft.computecanada.ca/easybuild/software/2020/Core/gcccore/9.3.0/bin/c++]
  ignore line: [COLLECT_LTO_WRAPPER=/cvmfs/soft.computecanada.ca/easybuild/software/2020/Core/gcccore/9.3.0/libexec/gcc/x86_64-pc-linux-gnu/9.3.0/lto-wrapper]
  ignore line: [OFFLOAD_TARGET_NAMES=nvptx-none]
  ignore line: [Target: x86_64-pc-linux-gnu]
  ignore line: [Configured with: ../configure --with-sysroot=/cvmfs/soft.computecanada.ca/gentoo/2020 --enable-languages=c,c++,fortran --without-cuda-driver --enable-offload-targets=nvptx-none --enable-lto --enable-checking=release --disable-multilib --enable-shared=yes --enable-static=yes --enable-threads=posix --enable-plugins --enable-gold=default --enable-ld --with-plugin-ld=ld.gold --prefix=/cvmfs/soft.computecanada.ca/easybuild/software/2020/Core/gcccore/9.3.0 --with-local-prefix=/cvmfs/soft.computecanada.ca/easybuild/software/2020/Core/gcccore/9.3.0 --enable-bootstrap --with-isl=/tmp/ebuser/avx2/GCCcore/9.3.0/system-system/gcc-9.3.0/stage2_stuff --build=x86_64-pc-linux-gnu --host=x86_64-pc-linux-gnu]
  ignore line: [Thread model: posix]
  ignore line: [gcc version 9.3.0 (GCC) ]
  ignore line: [COMPILER_PATH=/cvmfs/soft.computecanada.ca/easybuild/software/2020/Core/gcccore/9.3.0/libexec/gcc/x86_64-pc-linux-gnu/9.3.0/:/cvmfs/soft.computecanada.ca/easybuild/software/2020/Core/gcccore/9.3.0/libexec/gcc/x86_64-pc-linux-gnu/9.3.0/:/cvmfs/soft.computecanada.ca/easybuild/software/2020/Core/gcccore/9.3.0/libexec/gcc/x86_64-pc-linux-gnu/:/cvmfs/soft.computecanada.ca/easybuild/software/2020/Core/gcccore/9.3.0/lib/gcc/x86_64-pc-linux-gnu/9.3.0/:/cvmfs/soft.computecanada.ca/easybuild/software/2020/Core/gcccore/9.3.0/lib/gcc/x86_64-pc-linux-gnu/]
  ignore line: [LIBRARY_PATH=/cvmfs/soft.computecanada.ca/easybuild/software/2020/avx512/CUDA/gcc9/cuda11.2/openmpi/4.0.3/lib/../lib64/:/cvmfs/soft.computecanada.ca/easybuild/software/2020/avx512/CUDA/cuda11.2/libfabric/1.10.1/lib/../lib64/:/cvmfs/soft.computecanada.ca/easybuild/software/2020/avx512/CUDA/cuda11.2/ucx/1.8.0/lib/../lib64/:/cvmfs/soft.computecanada.ca/easybuild/software/2020/avx512/CUDA/cuda11.2/gdrcopy/2.1/lib/../lib64/:/cvmfs/soft.computecanada.ca/easybuild/software/2020/Core/cudacore/11.2.2/stubs/lib64/../lib64/:/cvmfs/soft.computecanada.ca/easybuild/software/2020/avx512/Compiler/gcc9/root/6.26.06/lib/../lib64/:/cvmfs/soft.computecanada.ca/easybuild/software/2020/avx512/Core/glew/2.1.0/lib64/../lib64/:/cvmfs/soft.computecanada.ca/easybuild/software/2020/avx512/Core/glew/2.1.0/lib/../lib64/:/cvmfs/soft.computecanada.ca/easybuild/software/2020/avx512/Core/python/3.9.6/lib/../lib64/:/cvmfs/soft.computecanada.ca/easybuild/software/2020/Core/libffi/3.3/lib64/../lib64/:/cvmfs/soft.computecanada.ca/easybuild/software/2020/Core/libffi/3.3/lib/../lib64/:/cvmfs/soft.computecanada.ca/easybuild/software/2020/avx512/Core/cfitsio/3.48/lib/../lib64/:/cvmfs/soft.computecanada.ca/easybuild/software/2020/Core/gcccore/9.3.0/lib/gcc/x86_64-pc-linux-gnu/9.3.0/:/cvmfs/soft.computecanada.ca/easybuild/software/2020/Core/gcccore/9.3.0/lib/gcc/x86_64-pc-linux-gnu/9.3.0/../../../../lib64/:/cvmfs/soft.computecanada.ca/gentoo/2020/lib/../lib64/:/cvmfs/soft.computecanada.ca/gentoo/2020/usr/lib/../lib64/:/cvmfs/soft.computecanada.ca/easybuild/software/2020/avx512/CUDA/gcc9/cuda11.2/openmpi/4.0.3/lib/:/cvmfs/soft.computecanada.ca/easybuild/software/2020/avx512/CUDA/cuda11.2/libfabric/1.10.1/lib/:/cvmfs/soft.computecanada.ca/easybuild/software/2020/avx512/CUDA/cuda11.2/ucx/1.8.0/lib/:/cvmfs/soft.computecanada.ca/easybuild/software/2020/avx512/CUDA/cuda11.2/gdrcopy/2.1/lib/:/cvmfs/soft.computecanada.ca/easybuild/software/2020/Core/cudacore/11.2.2/stubs/lib64/:/cvmfs/soft.computecanada.ca/easybuild/software/2020/Core/cudacore/11.2.2/lib/:/cvmfs/soft.computecanada.ca/easybuild/software/2020/avx512/Compiler/gcc9/root/6.26.06/lib/:/cvmfs/soft.computecanada.ca/easybuild/software/2020/avx512/Compiler/gcc9/fftw/3.3.8/lib/:/cvmfs/soft.computecanada.ca/easybuild/software/2020/avx512/Compiler/gcc9/gsl/2.6/lib/:/cvmfs/soft.computecanada.ca/easybuild/software/2020/Core/imkl/2020.1.217/mkl/lib/intel64/:/cvmfs/soft.computecanada.ca/easybuild/software/2020/Core/imkl/2020.1.217/lib/intel64/:/cvmfs/soft.computecanada.ca/easybuild/software/2020/avx512/Core/glew/2.1.0/lib64/:/cvmfs/soft.computecanada.ca/easybuild/software/2020/avx512/Core/glew/2.1.0/lib/:/cvmfs/soft.computecanada.ca/easybuild/software/2020/avx512/Core/python/3.9.6/lib/:/cvmfs/soft.computecanada.ca/easybuild/software/2020/Core/libffi/3.3/lib64/:/cvmfs/soft.computecanada.ca/easybuild/software/2020/Core/libffi/3.3/lib/:/cvmfs/soft.computecanada.ca/easybuild/software/2020/avx512/Core/cfitsio/3.48/lib/:/cvmfs/soft.computecanada.ca/easybuild/software/2020/Core/gcccore/9.3.0/lib/gcc/x86_64-pc-linux-gnu/9.3.0/../../../:/cvmfs/soft.computecanada.ca/gentoo/2020/lib/:/cvmfs/soft.computecanada.ca/gentoo/2020/usr/lib/]
  ignore line: [COLLECT_GCC_OPTIONS='-v' '-o' 'cmTC_eeee2' '-shared-libgcc' '-mtune=generic' '-march=x86-64']
  link line: [ /cvmfs/soft.computecanada.ca/easybuild/software/2020/Core/gcccore/9.3.0/libexec/gcc/x86_64-pc-linux-gnu/9.3.0/collect2 -plugin /cvmfs/soft.computecanada.ca/easybuild/software/2020/Core/gcccore/9.3.0/libexec/gcc/x86_64-pc-linux-gnu/9.3.0/liblto_plugin.so -plugin-opt=/cvmfs/soft.computecanada.ca/easybuild/software/2020/Core/gcccore/9.3.0/libexec/gcc/x86_64-pc-linux-gnu/9.3.0/lto-wrapper -plugin-opt=-fresolution=/tmp/ccKrNECO.res -plugin-opt=-pass-through=-lgcc_s -plugin-opt=-pass-through=-lgcc -plugin-opt=-pass-through=-lc -plugin-opt=-pass-through=-lgcc_s -plugin-opt=-pass-through=-lgcc --eh-frame-hdr -m elf_x86_64 -dynamic-linker /cvmfs/soft.computecanada.ca/gentoo/2020/lib64/ld-linux-x86-64.so.2 -o cmTC_eeee2 /cvmfs/soft.computecanada.ca/gentoo/2020/usr/lib/../lib64/crt1.o /cvmfs/soft.computecanada.ca/gentoo/2020/usr/lib/../lib64/crti.o /cvmfs/soft.computecanada.ca/easybuild/software/2020/Core/gcccore/9.3.0/lib/gcc/x86_64-pc-linux-gnu/9.3.0/crtbegin.o -L/cvmfs/soft.computecanada.ca/easybuild/software/2020/avx512/CUDA/gcc9/cuda11.2/openmpi/4.0.3/lib/../lib64 -L/cvmfs/soft.computecanada.ca/easybuild/software/2020/avx512/CUDA/cuda11.2/libfabric/1.10.1/lib/../lib64 -L/cvmfs/soft.computecanada.ca/easybuild/software/2020/avx512/CUDA/cuda11.2/ucx/1.8.0/lib/../lib64 -L/cvmfs/soft.computecanada.ca/easybuild/software/2020/avx512/CUDA/cuda11.2/gdrcopy/2.1/lib/../lib64 -L/cvmfs/soft.computecanada.ca/easybuild/software/2020/Core/cudacore/11.2.2/stubs/lib64/../lib64 -L/cvmfs/soft.computecanada.ca/easybuild/software/2020/avx512/Compiler/gcc9/root/6.26.06/lib/../lib64 -L/cvmfs/soft.computecanada.ca/easybuild/software/2020/avx512/Core/glew/2.1.0/lib64/../lib64 -L/cvmfs/soft.computecanada.ca/easybuild/software/2020/avx512/Core/glew/2.1.0/lib/../lib64 -L/cvmfs/soft.computecanada.ca/easybuild/software/2020/avx512/Core/python/3.9.6/lib/../lib64 -L/cvmfs/soft.computecanada.ca/easybuild/software/2020/Core/libffi/3.3/lib64/../lib64 -L/cvmfs/soft.computecanada.ca/easybuild/software/2020/Core/libffi/3.3/lib/../lib64 -L/cvmfs/soft.computecanada.ca/easybuild/software/2020/avx512/Core/cfitsio/3.48/lib/../lib64 -L/cvmfs/soft.computecanada.ca/easybuild/software/2020/Core/gcccore/9.3.0/lib/gcc/x86_64-pc-linux-gnu/9.3.0 -L/cvmfs/soft.computecanada.ca/easybuild/software/2020/Core/gcccore/9.3.0/lib/gcc/x86_64-pc-linux-gnu/9.3.0/../../../../lib64 -L/cvmfs/soft.computecanada.ca/gentoo/2020/lib/../lib64 -L/cvmfs/soft.computecanada.ca/gentoo/2020/usr/lib/../lib64 -L/cvmfs/soft.computecanada.ca/easybuild/software/2020/avx512/CUDA/gcc9/cuda11.2/openmpi/4.0.3/lib -L/cvmfs/soft.computecanada.ca/easybuild/software/2020/avx512/CUDA/cuda11.2/libfabric/1.10.1/lib -L/cvmfs/soft.computecanada.ca/easybuild/software/2020/avx512/CUDA/cuda11.2/ucx/1.8.0/lib -L/cvmfs/soft.computecanada.ca/easybuild/software/2020/avx512/CUDA/cuda11.2/gdrcopy/2.1/lib -L/cvmfs/soft.computecanada.ca/easybuild/software/2020/Core/cudacore/11.2.2/stubs/lib64 -L/cvmfs/soft.computecanada.ca/easybuild/software/2020/Core/cudacore/11.2.2/lib -L/cvmfs/soft.computecanada.ca/easybuild/software/2020/avx512/Compiler/gcc9/root/6.26.06/lib -L/cvmfs/soft.computecanada.ca/easybuild/software/2020/avx512/Compiler/gcc9/fftw/3.3.8/lib -L/cvmfs/soft.computecanada.ca/easybuild/software/2020/avx512/Compiler/gcc9/gsl/2.6/lib -L/cvmfs/soft.computecanada.ca/easybuild/software/2020/Core/imkl/2020.1.217/mkl/lib/intel64 -L/cvmfs/soft.computecanada.ca/easybuild/software/2020/Core/imkl/2020.1.217/lib/intel64 -L/cvmfs/soft.computecanada.ca/easybuild/software/2020/avx512/Core/glew/2.1.0/lib64 -L/cvmfs/soft.computecanada.ca/easybuild/software/2020/avx512/Core/glew/2.1.0/lib -L/cvmfs/soft.computecanada.ca/easybuild/software/2020/avx512/Core/python/3.9.6/lib -L/cvmfs/soft.computecanada.ca/easybuild/software/2020/Core/libffi/3.3/lib64 -L/cvmfs/soft.computecanada.ca/easybuild/software/2020/Core/libffi/3.3/lib -L/cvmfs/soft.computecanada.ca/easybuild/software/2020/avx512/Core/cfitsio/3.48/lib -L/cvmfs/soft.computecanada.ca/easybuild/software/2020/Core/gcccore/9.3.0/lib/gcc/x86_64-pc-linux-gnu/9.3.0/../../.. -L/cvmfs/soft.computecanada.ca/gentoo/2020/lib -L/cvmfs/soft.computecanada.ca/gentoo/2020/usr/lib CMakeFiles/cmTC_eeee2.dir/CMakeCXXCompilerABI.cpp.o -lstdc++ -lm -lgcc_s -lgcc -lc -lgcc_s -lgcc /cvmfs/soft.computecanada.ca/easybuild/software/2020/Core/gcccore/9.3.0/lib/gcc/x86_64-pc-linux-gnu/9.3.0/crtend.o /cvmfs/soft.computecanada.ca/gentoo/2020/usr/lib/../lib64/crtn.o]
    arg [/cvmfs/soft.computecanada.ca/easybuild/software/2020/Core/gcccore/9.3.0/libexec/gcc/x86_64-pc-linux-gnu/9.3.0/collect2] ==> ignore
    arg [-plugin] ==> ignore
    arg [/cvmfs/soft.computecanada.ca/easybuild/software/2020/Core/gcccore/9.3.0/libexec/gcc/x86_64-pc-linux-gnu/9.3.0/liblto_plugin.so] ==> ignore
    arg [-plugin-opt=/cvmfs/soft.computecanada.ca/easybuild/software/2020/Core/gcccore/9.3.0/libexec/gcc/x86_64-pc-linux-gnu/9.3.0/lto-wrapper] ==> ignore
    arg [-plugin-opt=-fresolution=/tmp/ccKrNECO.res] ==> ignore
    arg [-plugin-opt=-pass-through=-lgcc_s] ==> ignore
    arg [-plugin-opt=-pass-through=-lgcc] ==> ignore
    arg [-plugin-opt=-pass-through=-lc] ==> ignore
    arg [-plugin-opt=-pass-through=-lgcc_s] ==> ignore
    arg [-plugin-opt=-pass-through=-lgcc] ==> ignore
    arg [--eh-frame-hdr] ==> ignore
    arg [-m] ==> ignore
    arg [elf_x86_64] ==> ignore
    arg [-dynamic-linker] ==> ignore
    arg [/cvmfs/soft.computecanada.ca/gentoo/2020/lib64/ld-linux-x86-64.so.2] ==> ignore
    arg [-o] ==> ignore
    arg [cmTC_eeee2] ==> ignore
    arg [/cvmfs/soft.computecanada.ca/gentoo/2020/usr/lib/../lib64/crt1.o] ==> ignore
    arg [/cvmfs/soft.computecanada.ca/gentoo/2020/usr/lib/../lib64/crti.o] ==> ignore
    arg [/cvmfs/soft.computecanada.ca/easybuild/software/2020/Core/gcccore/9.3.0/lib/gcc/x86_64-pc-linux-gnu/9.3.0/crtbegin.o] ==> ignore
    arg [-L/cvmfs/soft.computecanada.ca/easybuild/software/2020/avx512/CUDA/gcc9/cuda11.2/openmpi/4.0.3/lib/../lib64] ==> dir [/cvmfs/soft.computecanada.ca/easybuild/software/2020/avx512/CUDA/gcc9/cuda11.2/openmpi/4.0.3/lib/../lib64]
    arg [-L/cvmfs/soft.computecanada.ca/easybuild/software/2020/avx512/CUDA/cuda11.2/libfabric/1.10.1/lib/../lib64] ==> dir [/cvmfs/soft.computecanada.ca/easybuild/software/2020/avx512/CUDA/cuda11.2/libfabric/1.10.1/lib/../lib64]
    arg [-L/cvmfs/soft.computecanada.ca/easybuild/software/2020/avx512/CUDA/cuda11.2/ucx/1.8.0/lib/../lib64] ==> dir [/cvmfs/soft.computecanada.ca/easybuild/software/2020/avx512/CUDA/cuda11.2/ucx/1.8.0/lib/../lib64]
    arg [-L/cvmfs/soft.computecanada.ca/easybuild/software/2020/avx512/CUDA/cuda11.2/gdrcopy/2.1/lib/../lib64] ==> dir [/cvmfs/soft.computecanada.ca/easybuild/software/2020/avx512/CUDA/cuda11.2/gdrcopy/2.1/lib/../lib64]
    arg [-L/cvmfs/soft.computecanada.ca/easybuild/software/2020/Core/cudacore/11.2.2/stubs/lib64/../lib64] ==> dir [/cvmfs/soft.computecanada.ca/easybuild/software/2020/Core/cudacore/11.2.2/stubs/lib64/../lib64]
    arg [-L/cvmfs/soft.computecanada.ca/easybuild/software/2020/avx512/Compiler/gcc9/root/6.26.06/lib/../lib64] ==> dir [/cvmfs/soft.computecanada.ca/easybuild/software/2020/avx512/Compiler/gcc9/root/6.26.06/lib/../lib64]
    arg [-L/cvmfs/soft.computecanada.ca/easybuild/software/2020/avx512/Core/glew/2.1.0/lib64/../lib64] ==> dir [/cvmfs/soft.computecanada.ca/easybuild/software/2020/avx512/Core/glew/2.1.0/lib64/../lib64]
    arg [-L/cvmfs/soft.computecanada.ca/easybuild/software/2020/avx512/Core/glew/2.1.0/lib/../lib64] ==> dir [/cvmfs/soft.computecanada.ca/easybuild/software/2020/avx512/Core/glew/2.1.0/lib/../lib64]
    arg [-L/cvmfs/soft.computecanada.ca/easybuild/software/2020/avx512/Core/python/3.9.6/lib/../lib64] ==> dir [/cvmfs/soft.computecanada.ca/easybuild/software/2020/avx512/Core/python/3.9.6/lib/../lib64]
    arg [-L/cvmfs/soft.computecanada.ca/easybuild/software/2020/Core/libffi/3.3/lib64/../lib64] ==> dir [/cvmfs/soft.computecanada.ca/easybuild/software/2020/Core/libffi/3.3/lib64/../lib64]
    arg [-L/cvmfs/soft.computecanada.ca/easybuild/software/2020/Core/libffi/3.3/lib/../lib64] ==> dir [/cvmfs/soft.computecanada.ca/easybuild/software/2020/Core/libffi/3.3/lib/../lib64]
    arg [-L/cvmfs/soft.computecanada.ca/easybuild/software/2020/avx512/Core/cfitsio/3.48/lib/../lib64] ==> dir [/cvmfs/soft.computecanada.ca/easybuild/software/2020/avx512/Core/cfitsio/3.48/lib/../lib64]
    arg [-L/cvmfs/soft.computecanada.ca/easybuild/software/2020/Core/gcccore/9.3.0/lib/gcc/x86_64-pc-linux-gnu/9.3.0] ==> dir [/cvmfs/soft.computecanada.ca/easybuild/software/2020/Core/gcccore/9.3.0/lib/gcc/x86_64-pc-linux-gnu/9.3.0]
    arg [-L/cvmfs/soft.computecanada.ca/easybuild/software/2020/Core/gcccore/9.3.0/lib/gcc/x86_64-pc-linux-gnu/9.3.0/../../../../lib64] ==> dir [/cvmfs/soft.computecanada.ca/easybuild/software/2020/Core/gcccore/9.3.0/lib/gcc/x86_64-pc-linux-gnu/9.3.0/../../../../lib64]
    arg [-L/cvmfs/soft.computecanada.ca/gentoo/2020/lib/../lib64] ==> dir [/cvmfs/soft.computecanada.ca/gentoo/2020/lib/../lib64]
    arg [-L/cvmfs/soft.computecanada.ca/gentoo/2020/usr/lib/../lib64] ==> dir [/cvmfs/soft.computecanada.ca/gentoo/2020/usr/lib/../lib64]
    arg [-L/cvmfs/soft.computecanada.ca/easybuild/software/2020/avx512/CUDA/gcc9/cuda11.2/openmpi/4.0.3/lib] ==> dir [/cvmfs/soft.computecanada.ca/easybuild/software/2020/avx512/CUDA/gcc9/cuda11.2/openmpi/4.0.3/lib]
    arg [-L/cvmfs/soft.computecanada.ca/easybuild/software/2020/avx512/CUDA/cuda11.2/libfabric/1.10.1/lib] ==> dir [/cvmfs/soft.computecanada.ca/easybuild/software/2020/avx512/CUDA/cuda11.2/libfabric/1.10.1/lib]
    arg [-L/cvmfs/soft.computecanada.ca/easybuild/software/2020/avx512/CUDA/cuda11.2/ucx/1.8.0/lib] ==> dir [/cvmfs/soft.computecanada.ca/easybuild/software/2020/avx512/CUDA/cuda11.2/ucx/1.8.0/lib]
    arg [-L/cvmfs/soft.computecanada.ca/easybuild/software/2020/avx512/CUDA/cuda11.2/gdrcopy/2.1/lib] ==> dir [/cvmfs/soft.computecanada.ca/easybuild/software/2020/avx512/CUDA/cuda11.2/gdrcopy/2.1/lib]
    arg [-L/cvmfs/soft.computecanada.ca/easybuild/software/2020/Core/cudacore/11.2.2/stubs/lib64] ==> dir [/cvmfs/soft.computecanada.ca/easybuild/software/2020/Core/cudacore/11.2.2/stubs/lib64]
    arg [-L/cvmfs/soft.computecanada.ca/easybuild/software/2020/Core/cudacore/11.2.2/lib] ==> dir [/cvmfs/soft.computecanada.ca/easybuild/software/2020/Core/cudacore/11.2.2/lib]
    arg [-L/cvmfs/soft.computecanada.ca/easybuild/software/2020/avx512/Compiler/gcc9/root/6.26.06/lib] ==> dir [/cvmfs/soft.computecanada.ca/easybuild/software/2020/avx512/Compiler/gcc9/root/6.26.06/lib]
    arg [-L/cvmfs/soft.computecanada.ca/easybuild/software/2020/avx512/Compiler/gcc9/fftw/3.3.8/lib] ==> dir [/cvmfs/soft.computecanada.ca/easybuild/software/2020/avx512/Compiler/gcc9/fftw/3.3.8/lib]
    arg [-L/cvmfs/soft.computecanada.ca/easybuild/software/2020/avx512/Compiler/gcc9/gsl/2.6/lib] ==> dir [/cvmfs/soft.computecanada.ca/easybuild/software/2020/avx512/Compiler/gcc9/gsl/2.6/lib]
    arg [-L/cvmfs/soft.computecanada.ca/easybuild/software/2020/Core/imkl/2020.1.217/mkl/lib/intel64] ==> dir [/cvmfs/soft.computecanada.ca/easybuild/software/2020/Core/imkl/2020.1.217/mkl/lib/intel64]
    arg [-L/cvmfs/soft.computecanada.ca/easybuild/software/2020/Core/imkl/2020.1.217/lib/intel64] ==> dir [/cvmfs/soft.computecanada.ca/easybuild/software/2020/Core/imkl/2020.1.217/lib/intel64]
    arg [-L/cvmfs/soft.computecanada.ca/easybuild/software/2020/avx512/Core/glew/2.1.0/lib64] ==> dir [/cvmfs/soft.computecanada.ca/easybuild/software/2020/avx512/Core/glew/2.1.0/lib64]
    arg [-L/cvmfs/soft.computecanada.ca/easybuild/software/2020/avx512/Core/glew/2.1.0/lib] ==> dir [/cvmfs/soft.computecanada.ca/easybuild/software/2020/avx512/Core/glew/2.1.0/lib]
    arg [-L/cvmfs/soft.computecanada.ca/easybuild/software/2020/avx512/Core/python/3.9.6/lib] ==> dir [/cvmfs/soft.computecanada.ca/easybuild/software/2020/avx512/Core/python/3.9.6/lib]
    arg [-L/cvmfs/soft.computecanada.ca/easybuild/software/2020/Core/libffi/3.3/lib64] ==> dir [/cvmfs/soft.computecanada.ca/easybuild/software/2020/Core/libffi/3.3/lib64]
    arg [-L/cvmfs/soft.computecanada.ca/easybuild/software/2020/Core/libffi/3.3/lib] ==> dir [/cvmfs/soft.computecanada.ca/easybuild/software/2020/Core/libffi/3.3/lib]
    arg [-L/cvmfs/soft.computecanada.ca/easybuild/software/2020/avx512/Core/cfitsio/3.48/lib] ==> dir [/cvmfs/soft.computecanada.ca/easybuild/software/2020/avx512/Core/cfitsio/3.48/lib]
    arg [-L/cvmfs/soft.computecanada.ca/easybuild/software/2020/Core/gcccore/9.3.0/lib/gcc/x86_64-pc-linux-gnu/9.3.0/../../..] ==> dir [/cvmfs/soft.computecanada.ca/easybuild/software/2020/Core/gcccore/9.3.0/lib/gcc/x86_64-pc-linux-gnu/9.3.0/../../..]
    arg [-L/cvmfs/soft.computecanada.ca/gentoo/2020/lib] ==> dir [/cvmfs/soft.computecanada.ca/gentoo/2020/lib]
    arg [-L/cvmfs/soft.computecanada.ca/gentoo/2020/usr/lib] ==> dir [/cvmfs/soft.computecanada.ca/gentoo/2020/usr/lib]
    arg [CMakeFiles/cmTC_eeee2.dir/CMakeCXXCompilerABI.cpp.o] ==> ignore
    arg [-lstdc++] ==> lib [stdc++]
    arg [-lm] ==> lib [m]
    arg [-lgcc_s] ==> lib [gcc_s]
    arg [-lgcc] ==> lib [gcc]
    arg [-lc] ==> lib [c]
    arg [-lgcc_s] ==> lib [gcc_s]
    arg [-lgcc] ==> lib [gcc]
    arg [/cvmfs/soft.computecanada.ca/easybuild/software/2020/Core/gcccore/9.3.0/lib/gcc/x86_64-pc-linux-gnu/9.3.0/crtend.o] ==> ignore
    arg [/cvmfs/soft.computecanada.ca/gentoo/2020/usr/lib/../lib64/crtn.o] ==> ignore
  collapse library dir [/cvmfs/soft.computecanada.ca/easybuild/software/2020/avx512/CUDA/gcc9/cuda11.2/openmpi/4.0.3/lib/../lib64] ==> [/cvmfs/soft.computecanada.ca/easybuild/software/2020/avx512/CUDA/gcc9/cuda11.2/openmpi/4.0.3/lib64]
  collapse library dir [/cvmfs/soft.computecanada.ca/easybuild/software/2020/avx512/CUDA/cuda11.2/libfabric/1.10.1/lib/../lib64] ==> [/cvmfs/soft.computecanada.ca/easybuild/software/2020/avx512/CUDA/cuda11.2/libfabric/1.10.1/lib64]
  collapse library dir [/cvmfs/soft.computecanada.ca/easybuild/software/2020/avx512/CUDA/cuda11.2/ucx/1.8.0/lib/../lib64] ==> [/cvmfs/soft.computecanada.ca/easybuild/software/2020/avx512/CUDA/cuda11.2/ucx/1.8.0/lib64]
  collapse library dir [/cvmfs/soft.computecanada.ca/easybuild/software/2020/avx512/CUDA/cuda11.2/gdrcopy/2.1/lib/../lib64] ==> [/cvmfs/soft.computecanada.ca/easybuild/software/2020/avx512/CUDA/cuda11.2/gdrcopy/2.1/lib64]
  collapse library dir [/cvmfs/soft.computecanada.ca/easybuild/software/2020/Core/cudacore/11.2.2/stubs/lib64/../lib64] ==> [/cvmfs/soft.computecanada.ca/easybuild/software/2020/Core/cudacore/11.2.2/stubs/lib64]
  collapse library dir [/cvmfs/soft.computecanada.ca/easybuild/software/2020/avx512/Compiler/gcc9/root/6.26.06/lib/../lib64] ==> [/cvmfs/soft.computecanada.ca/easybuild/software/2020/avx512/Compiler/gcc9/root/6.26.06/lib64]
  collapse library dir [/cvmfs/soft.computecanada.ca/easybuild/software/2020/avx512/Core/glew/2.1.0/lib64/../lib64] ==> [/cvmfs/soft.computecanada.ca/easybuild/software/2020/avx512/Core/glew/2.1.0/lib64]
  collapse library dir [/cvmfs/soft.computecanada.ca/easybuild/software/2020/avx512/Core/glew/2.1.0/lib/../lib64] ==> [/cvmfs/soft.computecanada.ca/easybuild/software/2020/avx512/Core/glew/2.1.0/lib64]
  collapse library dir [/cvmfs/soft.computecanada.ca/easybuild/software/2020/avx512/Core/python/3.9.6/lib/../lib64] ==> [/cvmfs/soft.computecanada.ca/easybuild/software/2020/avx512/Core/python/3.9.6/lib64]
  collapse library dir [/cvmfs/soft.computecanada.ca/easybuild/software/2020/Core/libffi/3.3/lib64/../lib64] ==> [/cvmfs/soft.computecanada.ca/easybuild/software/2020/Core/libffi/3.3/lib64]
  collapse library dir [/cvmfs/soft.computecanada.ca/easybuild/software/2020/Core/libffi/3.3/lib/../lib64] ==> [/cvmfs/soft.computecanada.ca/easybuild/software/2020/Core/libffi/3.3/lib64]
  collapse library dir [/cvmfs/soft.computecanada.ca/easybuild/software/2020/avx512/Core/cfitsio/3.48/lib/../lib64] ==> [/cvmfs/soft.computecanada.ca/easybuild/software/2020/avx512/Core/cfitsio/3.48/lib64]
  collapse library dir [/cvmfs/soft.computecanada.ca/easybuild/software/2020/Core/gcccore/9.3.0/lib/gcc/x86_64-pc-linux-gnu/9.3.0] ==> [/cvmfs/soft.computecanada.ca/easybuild/software/2020/Core/gcccore/9.3.0/lib/gcc/x86_64-pc-linux-gnu/9.3.0]
  collapse library dir [/cvmfs/soft.computecanada.ca/easybuild/software/2020/Core/gcccore/9.3.0/lib/gcc/x86_64-pc-linux-gnu/9.3.0/../../../../lib64] ==> [/cvmfs/soft.computecanada.ca/easybuild/software/2020/Core/gcccore/9.3.0/lib64]
  collapse library dir [/cvmfs/soft.computecanada.ca/gentoo/2020/lib/../lib64] ==> [/cvmfs/soft.computecanada.ca/gentoo/2020/lib64]
  collapse library dir [/cvmfs/soft.computecanada.ca/gentoo/2020/usr/lib/../lib64] ==> [/cvmfs/soft.computecanada.ca/gentoo/2020/usr/lib64]
  collapse library dir [/cvmfs/soft.computecanada.ca/easybuild/software/2020/avx512/CUDA/gcc9/cuda11.2/openmpi/4.0.3/lib] ==> [/cvmfs/soft.computecanada.ca/easybuild/software/2020/avx512/CUDA/gcc9/cuda11.2/openmpi/4.0.3/lib]
  collapse library dir [/cvmfs/soft.computecanada.ca/easybuild/software/2020/avx512/CUDA/cuda11.2/libfabric/1.10.1/lib] ==> [/cvmfs/soft.computecanada.ca/easybuild/software/2020/avx512/CUDA/cuda11.2/libfabric/1.10.1/lib]
  collapse library dir [/cvmfs/soft.computecanada.ca/easybuild/software/2020/avx512/CUDA/cuda11.2/ucx/1.8.0/lib] ==> [/cvmfs/soft.computecanada.ca/easybuild/software/2020/avx512/CUDA/cuda11.2/ucx/1.8.0/lib]
  collapse library dir [/cvmfs/soft.computecanada.ca/easybuild/software/2020/avx512/CUDA/cuda11.2/gdrcopy/2.1/lib] ==> [/cvmfs/soft.computecanada.ca/easybuild/software/2020/avx512/CUDA/cuda11.2/gdrcopy/2.1/lib]
  collapse library dir [/cvmfs/soft.computecanada.ca/easybuild/software/2020/Core/cudacore/11.2.2/stubs/lib64] ==> [/cvmfs/soft.computecanada.ca/easybuild/software/2020/Core/cudacore/11.2.2/stubs/lib64]
  collapse library dir [/cvmfs/soft.computecanada.ca/easybuild/software/2020/Core/cudacore/11.2.2/lib] ==> [/cvmfs/soft.computecanada.ca/easybuild/software/2020/Core/cudacore/11.2.2/lib]
  collapse library dir [/cvmfs/soft.computecanada.ca/easybuild/software/2020/avx512/Compiler/gcc9/root/6.26.06/lib] ==> [/cvmfs/soft.computecanada.ca/easybuild/software/2020/avx512/Compiler/gcc9/root/6.26.06/lib]
  collapse library dir [/cvmfs/soft.computecanada.ca/easybuild/software/2020/avx512/Compiler/gcc9/fftw/3.3.8/lib] ==> [/cvmfs/soft.computecanada.ca/easybuild/software/2020/avx512/Compiler/gcc9/fftw/3.3.8/lib]
  collapse library dir [/cvmfs/soft.computecanada.ca/easybuild/software/2020/avx512/Compiler/gcc9/gsl/2.6/lib] ==> [/cvmfs/soft.computecanada.ca/easybuild/software/2020/avx512/Compiler/gcc9/gsl/2.6/lib]
  collapse library dir [/cvmfs/soft.computecanada.ca/easybuild/software/2020/Core/imkl/2020.1.217/mkl/lib/intel64] ==> [/cvmfs/soft.computecanada.ca/easybuild/software/2020/Core/imkl/2020.1.217/mkl/lib/intel64]
  collapse library dir [/cvmfs/soft.computecanada.ca/easybuild/software/2020/Core/imkl/2020.1.217/lib/intel64] ==> [/cvmfs/soft.computecanada.ca/easybuild/software/2020/Core/imkl/2020.1.217/lib/intel64]
  collapse library dir [/cvmfs/soft.computecanada.ca/easybuild/software/2020/avx512/Core/glew/2.1.0/lib64] ==> [/cvmfs/soft.computecanada.ca/easybuild/software/2020/avx512/Core/glew/2.1.0/lib64]
  collapse library dir [/cvmfs/soft.computecanada.ca/easybuild/software/2020/avx512/Core/glew/2.1.0/lib] ==> [/cvmfs/soft.computecanada.ca/easybuild/software/2020/avx512/Core/glew/2.1.0/lib]
  collapse library dir [/cvmfs/soft.computecanada.ca/easybuild/software/2020/avx512/Core/python/3.9.6/lib] ==> [/cvmfs/soft.computecanada.ca/easybuild/software/2020/avx512/Core/python/3.9.6/lib]
  collapse library dir [/cvmfs/soft.computecanada.ca/easybuild/software/2020/Core/libffi/3.3/lib64] ==> [/cvmfs/soft.computecanada.ca/easybuild/software/2020/Core/libffi/3.3/lib64]
  collapse library dir [/cvmfs/soft.computecanada.ca/easybuild/software/2020/Core/libffi/3.3/lib] ==> [/cvmfs/soft.computecanada.ca/easybuild/software/2020/Core/libffi/3.3/lib]
  collapse library dir [/cvmfs/soft.computecanada.ca/easybuild/software/2020/avx512/Core/cfitsio/3.48/lib] ==> [/cvmfs/soft.computecanada.ca/easybuild/software/2020/avx512/Core/cfitsio/3.48/lib]
  collapse library dir [/cvmfs/soft.computecanada.ca/easybuild/software/2020/Core/gcccore/9.3.0/lib/gcc/x86_64-pc-linux-gnu/9.3.0/../../..] ==> [/cvmfs/soft.computecanada.ca/easybuild/software/2020/Core/gcccore/9.3.0/lib]
  collapse library dir [/cvmfs/soft.computecanada.ca/gentoo/2020/lib] ==> [/cvmfs/soft.computecanada.ca/gentoo/2020/lib]
  collapse library dir [/cvmfs/soft.computecanada.ca/gentoo/2020/usr/lib] ==> [/cvmfs/soft.computecanada.ca/gentoo/2020/usr/lib]
  implicit libs: [stdc++;m;gcc_s;gcc;c;gcc_s;gcc]
  implicit dirs: [/cvmfs/soft.computecanada.ca/easybuild/software/2020/avx512/CUDA/gcc9/cuda11.2/openmpi/4.0.3/lib64;/cvmfs/soft.computecanada.ca/easybuild/software/2020/avx512/CUDA/cuda11.2/libfabric/1.10.1/lib64;/cvmfs/soft.computecanada.ca/easybuild/software/2020/avx512/CUDA/cuda11.2/ucx/1.8.0/lib64;/cvmfs/soft.computecanada.ca/easybuild/software/2020/avx512/CUDA/cuda11.2/gdrcopy/2.1/lib64;/cvmfs/soft.computecanada.ca/easybuild/software/2020/Core/cudacore/11.2.2/stubs/lib64;/cvmfs/soft.computecanada.ca/easybuild/software/2020/avx512/Compiler/gcc9/root/6.26.06/lib64;/cvmfs/soft.computecanada.ca/easybuild/software/2020/avx512/Core/glew/2.1.0/lib64;/cvmfs/soft.computecanada.ca/easybuild/software/2020/avx512/Core/python/3.9.6/lib64;/cvmfs/soft.computecanada.ca/easybuild/software/2020/Core/libffi/3.3/lib64;/cvmfs/soft.computecanada.ca/easybuild/software/2020/avx512/Core/cfitsio/3.48/lib64;/cvmfs/soft.computecanada.ca/easybuild/software/2020/Core/gcccore/9.3.0/lib/gcc/x86_64-pc-linux-gnu/9.3.0;/cvmfs/soft.computecanada.ca/easybuild/software/2020/Core/gcccore/9.3.0/lib64;/cvmfs/soft.computecanada.ca/gentoo/2020/lib64;/cvmfs/soft.computecanada.ca/gentoo/2020/usr/lib64;/cvmfs/soft.computecanada.ca/easybuild/software/2020/avx512/CUDA/gcc9/cuda11.2/openmpi/4.0.3/lib;/cvmfs/soft.computecanada.ca/easybuild/software/2020/avx512/CUDA/cuda11.2/libfabric/1.10.1/lib;/cvmfs/soft.computecanada.ca/easybuild/software/2020/avx512/CUDA/cuda11.2/ucx/1.8.0/lib;/cvmfs/soft.computecanada.ca/easybuild/software/2020/avx512/CUDA/cuda11.2/gdrcopy/2.1/lib;/cvmfs/soft.computecanada.ca/easybuild/software/2020/Core/cudacore/11.2.2/lib;/cvmfs/soft.computecanada.ca/easybuild/software/2020/avx512/Compiler/gcc9/root/6.26.06/lib;/cvmfs/soft.computecanada.ca/easybuild/software/2020/avx512/Compiler/gcc9/fftw/3.3.8/lib;/cvmfs/soft.computecanada.ca/easybuild/software/2020/avx512/Compiler/gcc9/gsl/2.6/lib;/cvmfs/soft.computecanada.ca/easybuild/software/2020/Core/imkl/2020.1.217/mkl/lib/intel64;/cvmfs/soft.computecanada.ca/easybuild/software/2020/Core/imkl/2020.1.217/lib/intel64;/cvmfs/soft.computecanada.ca/easybuild/software/2020/avx512/Core/glew/2.1.0/lib;/cvmfs/soft.computecanada.ca/easybuild/software/2020/avx512/Core/python/3.9.6/lib;/cvmfs/soft.computecanada.ca/easybuild/software/2020/Core/libffi/3.3/lib;/cvmfs/soft.computecanada.ca/easybuild/software/2020/avx512/Core/cfitsio/3.48/lib;/cvmfs/soft.computecanada.ca/easybuild/software/2020/Core/gcccore/9.3.0/lib;/cvmfs/soft.computecanada.ca/gentoo/2020/lib;/cvmfs/soft.computecanada.ca/gentoo/2020/usr/lib]
  implicit fwks: []


